16:32:47.303 [print] http://localhost
16:32:47.323 [print] /login/demo/pass/
16:32:47.328 request:
1 > GET http://localhost/login/demo/pass/
1 > Accept-Encoding: gzip,deflate
1 > Connection: Keep-Alive
1 > Host: localhost
1 > User-Agent: Apache-HttpClient/4.5.5 (Java/1.8.0_221)

16:32:47.585 response time in milliseconds: 256.91
1 < 200
1 < Cache-Control: no-store, no-cache, must-revalidate
1 < Connection: Keep-Alive
1 < Content-Length: 82
1 < Content-Type: text/html; charset=UTF-8
1 < Date: Sun, 06 Oct 2019 14:32:47 GMT
1 < Expires: Thu, 19 Nov 1981 08:52:00 GMT
1 < Keep-Alive: timeout=5, max=100
1 < Pragma: no-cache
1 < Server: Apache/2.4.41 (Win64) OpenSSL/1.1.1c PHP/7.3.9
1 < Set-Cookie: PHPSESSID=fv4u9jkfc9jmbc2s2n89bhgd06; path=/
1 < X-Powered-By: PHP/7.3.9
{"status":1,"message":"successfully authenticated","username":"Demo","user_id":18}

 lang="en" xml:lang="en">
<head>
<title>Object not found!</title>
<link rev="made" href="mailto:postmaster@localhost" />
<style type="text/css"><!--/*--><![CDATA[/*><!--*/ 
    body { color: #000000; background-color: #FFFFFF; }
    a:link { color: #0000CC; }
    p, address {margin-left: 3em;}
    span {font-size: smaller;}
/*]]>*/--></style>
</head>

<body>
<h1>Object not found!</h1>
<p>


    The requested URL was not found on this server.

  

    If you entered the URL manually please check your
    spelling and try again.

  

</p>
<p>
If you think this is a server error, please contact
the <a href="mailto:postmaster@localhost">webmaster</a>.

</p>

<h2>Error 404</h2>
<address>
  <a href="/">localhost</a><br />
  <span>Apache/2.4.41 (Win64) OpenSSL/1.1.1c PHP/7.3.9</span>
</address>
</body>
</html>



16:27:17.552 status code was: 404, expected: 200, response time: 47, url: http://localhost/login/demo/pass, response: <html xmlns="http://www.w3.org/1999/xhtml" lang="en" xml:lang="en">
<head>
<title>Object not found!</title>
<link href="mailto:postmaster@localhost" rev="made"/>
<style type="text/css"><!--/*--><![CDATA[/*><!--*/ 
    body { color: #000000; background-color: #FFFFFF; }
    a:link { color: #0000CC; }
    p, address {margin-left: 3em;}
    span {font-size: smaller;}
/*]]>*/--&gt;</style>
</head>

<body>
<h1>Object not found!</h1>
<p>


    The requested URL was not found on this server.

  

    If you entered the URL manually please check your
    spelling and try again.

  

</p>
<p>
If you think this is a server error, please contact
the <a href="mailto:postmaster@localhost">webmaster</a>.

</p>

<h2>Error 404</h2>
<address>
  <a href="/">localhost</a><br/>
  <span>Apache/2.4.41 (Win64) OpenSSL/1.1.1c PHP/7.3.9</span>
</address>
</body>
</html>

</body>
</html>
