16:32:46.940 request:
1 > GET http://localhost/getcategories/
1 > Accept-Encoding: gzip,deflate
1 > Connection: Keep-Alive
1 > Host: localhost
1 > User-Agent: Apache-HttpClient/4.5.5 (Java/1.8.0_221)

16:32:47.098 response time in milliseconds: 155.67
1 < 200
1 < Connection: Keep-Alive
1 < Content-Length: 244
1 < Content-Type: text/html; charset=UTF-8
1 < Date: Sun, 06 Oct 2019 14:32:46 GMT
1 < Keep-Alive: timeout=5, max=100
1 < Server: Apache/2.4.41 (Win64) OpenSSL/1.1.1c PHP/7.3.9
1 < X-Powered-By: PHP/7.3.9
[{"value":"Business Expenses","text":"Business Expenses"},{"value":"Income","text":"Income"},{"value":"Investments","text":"Investments"},{"value":"Loan Pay Down","text":"Loan Pay Down"},{"value":"Personal Expenses","text":"Personal Expenses"}]

16:32:47.105 [print] [
  {
    "value": "Business Expenses",
    "text": "Business Expenses"
  },
  {
    "value": "Income",
    "text": "Income"
  },
  {
    "value": "Investments",
    "text": "Investments"
  },
  {
    "value": "Loan Pay Down",
    "text": "Loan Pay Down"
  },
  {
    "value": "Personal Expenses",
    "text": "Personal Expenses"
  }
]

