16:32:48.292 request:
1 > GET http://localhost/gettransactionnames/income/20/
1 > Accept-Encoding: gzip,deflate
1 > Connection: Keep-Alive
1 > Host: localhost
1 > User-Agent: Apache-HttpClient/4.5.5 (Java/1.8.0_221)

16:32:48.489 response time in milliseconds: 196.08
1 < 200
1 < Connection: Keep-Alive
1 < Content-Length: 224
1 < Content-Type: text/html; charset=UTF-8
1 < Date: Sun, 06 Oct 2019 14:32:48 GMT
1 < Keep-Alive: timeout=5, max=100
1 < Server: Apache/2.4.41 (Win64) OpenSSL/1.1.1c PHP/7.3.9
1 < X-Powered-By: PHP/7.3.9
[{"value":582,"text":"Business Revenue"},{"value":581,"text":"Dividends"},{"value":579,"text":"Interest"},{"value":593,"text":"Open Field Poultry "},{"value":580,"text":"Rental Income"},{"value":578,"text":"Salary & Wages"}]

16:32:48.492 [print] [
  {
    "value": 582,
    "text": "Business Revenue"
  },
  {
    "value": 581,
    "text": "Dividends"
  },
  {
    "value": 579,
    "text": "Interest"
  },
  {
    "value": 593,
    "text": "Open Field Poultry "
  },
  {
    "value": 580,
    "text": "Rental Income"
  },
  {
    "value": 578,
    "text": "Salary & Wages"
  }
]

