14:31:17.956 [print] http://localhost
14:31:17.964 request:
1 > GET http://localhost/getuser/
1 > Accept-Encoding: gzip,deflate
1 > Connection: Keep-Alive
1 > Host: localhost
1 > User-Agent: Apache-HttpClient/4.5.5 (Java/1.8.0_221)

14:31:18.039 response time in milliseconds: 73.86
1 < 200
1 < Cache-Control: no-store, no-cache, must-revalidate
1 < Connection: Keep-Alive
1 < Content-Length: 50
1 < Content-Type: text/html; charset=UTF-8
1 < Date: Sun, 06 Oct 2019 12:31:17 GMT
1 < Expires: Thu, 19 Nov 1981 08:52:00 GMT
1 < Keep-Alive: timeout=5, max=100
1 < Pragma: no-cache
1 < Server: Apache/2.4.41 (Win64) OpenSSL/1.1.1c PHP/7.3.9
1 < Set-Cookie: PHPSESSID=7e6uasak1m2kf9jebqfigte9jp; path=/
1 < X-Powered-By: PHP/7.3.9
{"status":2,"message":"username field was empty."}

14:31:18.041 assertion failed: path: $, actual: {status=2, message=username field was empty.}, expected: {username=Demo}, reason: all key-values did not match, expected has un-matched keys: [username]

