16:32:49.183 request:
1 > GET http://localhost/gettransactionnames/Loan%20Pay%20Down/20/
1 > Accept-Encoding: gzip,deflate
1 > Connection: Keep-Alive
1 > Host: localhost
1 > User-Agent: Apache-HttpClient/4.5.5 (Java/1.8.0_221)

16:32:49.381 response time in milliseconds: 196.58
1 < 200
1 < Connection: Keep-Alive
1 < Content-Length: 233
1 < Content-Type: text/html; charset=UTF-8
1 < Date: Sun, 06 Oct 2019 14:32:49 GMT
1 < Keep-Alive: timeout=5, max=100
1 < Server: Apache/2.4.41 (Win64) OpenSSL/1.1.1c PHP/7.3.9
1 < X-Powered-By: PHP/7.3.9
[{"value":586,"text":"Credit Card Repayments"},{"value":583,"text":"Home Loan Repayments"},{"value":585,"text":"Personal Loan Repayments"},{"value":587,"text":"Student Loan Repayments"},{"value":584,"text":"Vehicle Loan Repayments"}]

16:32:49.382 [print] [
  {
    "value": 586,
    "text": "Credit Card Repayments"
  },
  {
    "value": 583,
    "text": "Home Loan Repayments"
  },
  {
    "value": 585,
    "text": "Personal Loan Repayments"
  },
  {
    "value": 587,
    "text": "Student Loan Repayments"
  },
  {
    "value": 584,
    "text": "Vehicle Loan Repayments"
  }
]

