16:32:47.281 >> lock acquired, begin callonce: read('classpath:login-reusable.feature')
16:32:47.597 << lock released, cached callonce: read('classpath:login-reusable.feature')
16:32:47.603 request:
1 > GET http://localhost/getuser/
1 > Accept-Encoding: gzip,deflate
1 > Connection: Keep-Alive
1 > Cookie: PHPSESSID=fv4u9jkfc9jmbc2s2n89bhgd06
1 > Host: localhost
1 > User-Agent: Apache-HttpClient/4.5.5 (Java/1.8.0_221)

16:32:47.715 response time in milliseconds: 111.01
1 < 200
1 < Cache-Control: no-store, no-cache, must-revalidate
1 < Connection: Keep-Alive
1 < Content-Length: 32
1 < Content-Type: text/html; charset=UTF-8
1 < Date: Sun, 06 Oct 2019 14:32:47 GMT
1 < Expires: Thu, 19 Nov 1981 08:52:00 GMT
1 < Keep-Alive: timeout=5, max=100
1 < Pragma: no-cache
1 < Server: Apache/2.4.41 (Win64) OpenSSL/1.1.1c PHP/7.3.9
1 < X-Powered-By: PHP/7.3.9
{"username":"Demo","user_id":18}

16:32:47.716 [print] {
  "username": "Demo",
  "user_id": 18
}

ge=username field was empty.}, expected: {username=Demo}, reason: all key-values did not match, expected has un-matched keys: [username]
      5
    ]
  },
  "requestTimeStamp": 1570365763392,
  "PHPSESSID": {
    "name": "PHPSESSID",
    "value": "a0kqfs7dtkoc9btckpjjg6ksa2",
    "domain": "localhost",
    "path": "/",
    "persistent": "false",
    "secure": "false"
  },
  "env": "dev",
  "responseStatus": 200,
  "__loop": -1,
  "responseCookies": {
    "PHPSESSID": "#ref:com.intuit.karate.http.Cookie"
  }
}

14:42:43.647 request:
1 > GET http://localhost/getuser/
1 > Accept-Encoding: gzip,deflate
1 > Connection: Keep-Alive
1 > Cookie: PHPSESSID
1 > Host: localhost
1 > User-Agent: Apache-HttpClient/4.5.5 (Java/1.8.0_221)

14:42:43.715 response time in milliseconds: 67.22
1 < 200
1 < Cache-Control: no-store, no-cache, must-revalidate
1 < Connection: Keep-Alive
1 < Content-Length: 50
1 < Content-Type: text/html; charset=UTF-8
1 < Date: Sun, 06 Oct 2019 12:42:43 GMT
1 < Expires: Thu, 19 Nov 1981 08:52:00 GMT
1 < Keep-Alive: timeout=5, max=100
1 < Pragma: no-cache
1 < Server: Apache/2.4.41 (Win64) OpenSSL/1.1.1c PHP/7.3.9
1 < Set-Cookie: PHPSESSID=0lacgqqv70g1640frd405h2go1; path=/
1 < X-Powered-By: PHP/7.3.9
{"status":2,"message":"username field was empty."}

14:42:43.716 assertion failed: path: $, actual: {status=2, message=username field was empty.}, expected: {username=Demo}, reason: all key-values did not match, expected has un-matched keys: [username]
