16:32:48.948 request:
1 > GET http://localhost/gettransactionnames/Investments/20/
1 > Accept-Encoding: gzip,deflate
1 > Connection: Keep-Alive
1 > Host: localhost
1 > User-Agent: Apache-HttpClient/4.5.5 (Java/1.8.0_221)

16:32:49.162 response time in milliseconds: 213.43
1 < 200
1 < Connection: Keep-Alive
1 < Content-Length: 193
1 < Content-Type: text/html; charset=UTF-8
1 < Date: Sun, 06 Oct 2019 14:32:48 GMT
1 < Keep-Alive: timeout=5, max=100
1 < Server: Apache/2.4.41 (Win64) OpenSSL/1.1.1c PHP/7.3.9
1 < X-Powered-By: PHP/7.3.9
[{"value":576,"text":"Bitcoin"},{"value":573,"text":"Education and Study"},{"value":575,"text":"Property Investment"},{"value":577,"text":"Savings Account"},{"value":574,"text":"Stock Market"}]

16:32:49.164 [print] [
  {
    "value": 576,
    "text": "Bitcoin"
  },
  {
    "value": 573,
    "text": "Education and Study"
  },
  {
    "value": 575,
    "text": "Property Investment"
  },
  {
    "value": 577,
    "text": "Savings Account"
  },
  {
    "value": 574,
    "text": "Stock Market"
  }
]

